Apache Maven 3.2.1 (ea8b2b07643dbb1b84b6d16e1f08391b666bc1e9; 2014-02-14T12:37:52-05:00)
Maven home: /apps/opt/apache-maven-3.2.1
Java version: 1.7.0_75, vendor: Oracle Corporation
Java home: /apps/opt/jdk1.7.0_75/jre
Default locale: en_US, platform encoding: UTF-8
OS name: "linux", version: "2.6.32-431.20.3.el6.x86_64", arch: "amd64", family: "unix"
[INFO] Error stacktraces are turned on.
[DEBUG] Reading global settings from /apps/opt/apache-maven-3.2.1/conf/settings.xml
[DEBUG] Reading user settings from /home/sdntest/.m2/settings.xml
[DEBUG] Using local repository at /home/sdntest/.m2/repository
[DEBUG] Using manager EnhancedLocalRepositoryManager with priority 10.0 for /home/sdntest/.m2/repository
[INFO] Scanning for projects...
[WARNING] The POM for org.apache.felix:maven-bundle-plugin:jar:2.4.0 is missing, no dependency information available
[DEBUG] Dependency collection stats: {ConflictMarker.analyzeTime=1, ConflictMarker.markTime=0, ConflictMarker.nodeCount=1, ConflictIdSorter.graphTime=1, ConflictIdSorter.topsortTime=0, ConflictIdSorter.conflictIdCount=1, ConflictIdSorter.conflictIdCycleCount=0, ConflictResolver.totalTime=5, ConflictResolver.conflictItemCount=1, DefaultDependencyCollector.collectTime=17, DefaultDependencyCollector.transformTime=9}
[DEBUG] org.apache.felix:maven-bundle-plugin:jar:2.4.0:
[DEBUG]    org.codehaus.plexus:plexus-utils:jar:1.1:runtime
[DEBUG] Looking up lifecyle mappings for packaging bundle from ClassRealm[plexus.core, parent: null]
[ERROR] The build could not read 1 project -> [Help 1]
org.apache.maven.project.ProjectBuildingException: Some problems were encountered while processing the POMs:
[ERROR] Unresolveable build extension: Plugin org.apache.felix:maven-bundle-plugin:2.4.0 or one of its dependencies could not be resolved: Cannot access central (http://repo.maven.apache.org/maven2) in offline mode and the artifact org.codehaus.plexus:plexus-utils:jar:1.1 has not been downloaded from it before. @ 
[ERROR] Unknown packaging: bundle @ line 7, column 16

	at org.apache.maven.project.DefaultProjectBuilder.build(DefaultProjectBuilder.java:364)
	at org.apache.maven.DefaultMaven.collectProjects(DefaultMaven.java:672)
	at org.apache.maven.DefaultMaven.getProjectsForMavenReactor(DefaultMaven.java:663)
	at org.apache.maven.DefaultMaven.doExecute(DefaultMaven.java:250)
	at org.apache.maven.DefaultMaven.execute(DefaultMaven.java:155)
	at org.apache.maven.cli.MavenCli.execute(MavenCli.java:584)
	at org.apache.maven.cli.MavenCli.doMain(MavenCli.java:213)
	at org.apache.maven.cli.MavenCli.main(MavenCli.java:157)
	at sun.reflect.NativeMethodAccessorImpl.invoke0(Native Method)
	at sun.reflect.NativeMethodAccessorImpl.invoke(NativeMethodAccessorImpl.java:57)
	at sun.reflect.DelegatingMethodAccessorImpl.invoke(DelegatingMethodAccessorImpl.java:43)
	at java.lang.reflect.Method.invoke(Method.java:606)
	at org.codehaus.plexus.classworlds.launcher.Launcher.launchEnhanced(Launcher.java:289)
	at org.codehaus.plexus.classworlds.launcher.Launcher.launch(Launcher.java:229)
	at org.codehaus.plexus.classworlds.launcher.Launcher.mainWithExitCode(Launcher.java:415)
	at org.codehaus.plexus.classworlds.launcher.Launcher.main(Launcher.java:356)
[ERROR]   
[ERROR]   The project trial:myctrlapp:0.1 (/home/sdntest/myctrlapp/pom.xml) has 2 errors
[ERROR]     Unresolveable build extension: Plugin org.apache.felix:maven-bundle-plugin:2.4.0 or one of its dependencies could not be resolved: Cannot access central (http://repo.maven.apache.org/maven2) in offline mode and the artifact org.codehaus.plexus:plexus-utils:jar:1.1 has not been downloaded from it before. -> [Help 2]
org.apache.maven.plugin.PluginResolutionException: Plugin org.apache.felix:maven-bundle-plugin:2.4.0 or one of its dependencies could not be resolved: Cannot access central (http://repo.maven.apache.org/maven2) in offline mode and the artifact org.codehaus.plexus:plexus-utils:jar:1.1 has not been downloaded from it before.
	at org.apache.maven.plugin.internal.DefaultPluginDependenciesResolver.resolve(DefaultPluginDependenciesResolver.java:208)
	at org.apache.maven.project.DefaultProjectBuildingHelper.resolveExtensionArtifacts(DefaultProjectBuildingHelper.java:380)
	at org.apache.maven.project.DefaultProjectBuildingHelper.createProjectRealm(DefaultProjectBuildingHelper.java:239)
	at org.apache.maven.project.DefaultModelBuildingListener.buildExtensionsAssembled(DefaultModelBuildingListener.java:110)
	at org.apache.maven.model.building.ModelBuildingEventCatapult$1.fire(ModelBuildingEventCatapult.java:43)
	at org.apache.maven.model.building.DefaultModelBuilder.fireEvent(DefaultModelBuilder.java:1069)
	at org.apache.maven.model.building.DefaultModelBuilder.build(DefaultModelBuilder.java:385)
	at org.apache.maven.model.building.DefaultModelBuilder.build(DefaultModelBuilder.java:368)
	at org.apache.maven.project.DefaultProjectBuilder.build(DefaultProjectBuilder.java:561)
	at org.apache.maven.project.DefaultProjectBuilder.build(DefaultProjectBuilder.java:353)
	at org.apache.maven.DefaultMaven.collectProjects(DefaultMaven.java:672)
	at org.apache.maven.DefaultMaven.getProjectsForMavenReactor(DefaultMaven.java:663)
	at org.apache.maven.DefaultMaven.doExecute(DefaultMaven.java:250)
	at org.apache.maven.DefaultMaven.execute(DefaultMaven.java:155)
	at org.apache.maven.cli.MavenCli.execute(MavenCli.java:584)
	at org.apache.maven.cli.MavenCli.doMain(MavenCli.java:213)
	at org.apache.maven.cli.MavenCli.main(MavenCli.java:157)
	at sun.reflect.NativeMethodAccessorImpl.invoke0(Native Method)
	at sun.reflect.NativeMethodAccessorImpl.invoke(NativeMethodAccessorImpl.java:57)
	at sun.reflect.DelegatingMethodAccessorImpl.invoke(DelegatingMethodAccessorImpl.java:43)
	at java.lang.reflect.Method.invoke(Method.java:606)
	at org.codehaus.plexus.classworlds.launcher.Launcher.launchEnhanced(Launcher.java:289)
	at org.codehaus.plexus.classworlds.launcher.Launcher.launch(Launcher.java:229)
	at org.codehaus.plexus.classworlds.launcher.Launcher.mainWithExitCode(Launcher.java:415)
	at org.codehaus.plexus.classworlds.launcher.Launcher.main(Launcher.java:356)
Caused by: org.eclipse.aether.resolution.ArtifactResolutionException: Cannot access central (http://repo.maven.apache.org/maven2) in offline mode and the artifact org.codehaus.plexus:plexus-utils:jar:1.1 has not been downloaded from it before.
	at org.eclipse.aether.internal.impl.DefaultArtifactResolver.resolve(DefaultArtifactResolver.java:459)
	at org.eclipse.aether.internal.impl.DefaultArtifactResolver.resolveArtifacts(DefaultArtifactResolver.java:262)
	at org.eclipse.aether.internal.impl.DefaultRepositorySystem.resolveDependencies(DefaultRepositorySystem.java:367)
	at org.apache.maven.plugin.internal.DefaultPluginDependenciesResolver.resolve(DefaultPluginDependenciesResolver.java:200)
	... 24 more
Caused by: org.eclipse.aether.transfer.ArtifactNotFoundException: Cannot access central (http://repo.maven.apache.org/maven2) in offline mode and the artifact org.codehaus.plexus:plexus-utils:jar:1.1 has not been downloaded from it before.
	at org.eclipse.aether.internal.impl.DefaultArtifactResolver.resolve(DefaultArtifactResolver.java:406)
	... 27 more
Caused by: org.eclipse.aether.transfer.RepositoryOfflineException: Cannot access central (http://repo.maven.apache.org/maven2) in offline mode
	at org.eclipse.aether.internal.impl.DefaultOfflineController.checkOffline(DefaultOfflineController.java:83)
	at org.eclipse.aether.internal.impl.DefaultArtifactResolver.resolve(DefaultArtifactResolver.java:402)
	... 27 more
[ERROR]     Unknown packaging: bundle @ line 7, column 16
[ERROR] 
[ERROR] 
[ERROR] For more information about the errors and possible solutions, please read the following articles:
[ERROR] [Help 1] http://cwiki.apache.org/confluence/display/MAVEN/ProjectBuildingException
[ERROR] [Help 2] http://cwiki.apache.org/confluence/display/MAVEN/PluginResolutionException
